[master 21e8fbf] update data
 1 file changed, 38 deletions(-)
 rewrite gitpush.log (100%)
fatal: could not read Username for 'https://github.com': No such device or address
[master cccf013] update data
 1 file changed, 4 insertions(+)
fatal: could not read Username for 'https://github.com': No such device or address
[master 8fda01c] update data
 1 file changed, 3 insertions(+)
fatal: could not read Username for 'https://github.com': No such device or address
[master 291fcef] update data
 1 file changed, 3 insertions(+)
fatal: could not read Username for 'https://github.com': No such device or address
[master fbcf7d0] update data
 1 file changed, 3 insertions(+)
fatal: could not read Username for 'https://github.com': No such device or address
[master 25f5b36] update data
 1 file changed, 3 insertions(+)
fatal: could not read Username for 'https://github.com': No such device or address
[master 10aea83] update data
 1 file changed, 3 insertions(+)
fatal: could not read Username for 'https://github.com': No such device or address
[master eb0f229] update data
 1 file changed, 3 insertions(+)
fatal: could not read Username for 'https://github.com': No such device or address
[master 8e78897] update data
 1 file changed, 3 insertions(+)
fatal: could not read Username for 'https://github.com': No such device or address
[master 17f7432] update data
 1 file changed, 3 insertions(+)
fatal: could not read Username for 'https://github.com': No such device or address
[master 9f95790] update data
 1 file changed, 3 insertions(+)
fatal: could not read Username for 'https://github.com': No such device or address
[master 936480e] update data
 1 file changed, 3 insertions(+)
fatal: could not read Username for 'https://github.com': No such device or address
[master 333d80b] update data
 1 file changed, 3 insertions(+)
fatal: could not read Username for 'https://github.com': No such device or address
[master 400f957] update data
 1 file changed, 3 insertions(+)
fatal: could not read Username for 'https://github.com': No such device or address
[master fa1aaaf] update data
 1 file changed, 3 insertions(+)
fatal: could not read Username for 'https://github.com': No such device or address
[master 1478dfa] update data
 1 file changed, 3 insertions(+)
fatal: could not read Username for 'https://github.com': No such device or address
[master fc8d17d] update data
 1 file changed, 3 insertions(+)
fatal: could not read Username for 'https://github.com': No such device or address
[master acba31e] update data
 1 file changed, 3 insertions(+)
fatal: could not read Username for 'https://github.com': No such device or address
[master 45cb4a2] update data
 1 file changed, 3 insertions(+)
fatal: could not read Username for 'https://github.com': No such device or address
[master 1f1b33d] update data
 1 file changed, 3 insertions(+)
fatal: could not read Username for 'https://github.com': No such device or address
[master 6cd9408] update data
 1 file changed, 3 insertions(+)
fatal: could not read Username for 'https://github.com': No such device or address
[master 4d016be] update data
 1 file changed, 3 insertions(+)
fatal: could not read Username for 'https://github.com': No such device or address
[master 245fd50] update data
 1 file changed, 3 insertions(+)
fatal: could not read Username for 'https://github.com': No such device or address
[master 902bf12] update data
 1 file changed, 3 insertions(+)
fatal: could not read Username for 'https://github.com': No such device or address
[master 33ffdd5] update data
 1 file changed, 3 insertions(+)
fatal: could not read Username for 'https://github.com': No such device or address
[master d7d1a93] update data
 1 file changed, 3 insertions(+)
fatal: could not read Username for 'https://github.com': No such device or address
[master f241d4e] update data
 1 file changed, 3 insertions(+)
fatal: could not read Username for 'https://github.com': No such device or address
