[master 4838997] update data
 1 file changed, 88 deletions(-)
 rewrite gitpush.log (100%)
fatal: could not read Username for 'https://github.com': No such device or address
[master 78bebd7] update data
 2 files changed, 4 insertions(+), 1 deletion(-)
fatal: could not read Username for 'https://github.com': No such device or address
On branch master
nothing to commit, working tree clean
fatal: could not read Username for 'https://github.com': No such device or address
[master 6f14f72] update data
 2 files changed, 8 insertions(+)
To github.com:radhikesh/covid-19.git
   56a103c..6f14f72  master -> master
[master 641a50d] update data
 10 files changed, 276 insertions(+), 54 deletions(-)
 rewrite data/newdata.RDS (93%)
 rewrite docs/data/newdata.RDS (93%)
 rewrite docs/gitpush.log (82%)
To github.com:radhikesh/covid-19.git
   6f14f72..641a50d  master -> master
